<?xml version="1.0" encoding="UTF-8"?>
<!-- Generated by org.testng.reporters.JUnitReportReporter -->
<testsuite hostname="Esakki_Muthu" failures="0" tests="3" name="runner.RunnerTest" time="40.520" errors="0" timestamp="2023-04-17T09:17:58 IST" skipped="0">
  <testcase classname="runner.RunnerTest" name="runScenario" time="12.215"/>
  <system-out/>
  <testcase classname="runner.RunnerTest" name="runScenario" time="18.269"/>
  <system-out/>
  <testcase classname="runner.RunnerTest" name="runScenario" time="10.036"/>
  <system-out/>
</testsuite> <!-- runner.RunnerTest -->
